============================= test session starts ==============================
platform linux -- Python 3.10.12, pytest-8.3.3, pluggy-1.5.0
rootdir: /home/wilkinson/Documents/TCC/TG
collected 13 items

QuixBugs/python_testcases/test_quicksort.py FFFFFFFFFFFFF                [100%]

=================================== FAILURES ===================================
____________________ test_quicksort[input_data0-expected0] _____________________

input_data = [[1, 2, 6, 72, 7, 33, ...]], expected = [1, 2, 4, 6, 7, 33, ...]

    @pytest.mark.parametrize("input_data,expected", testdata)
    def test_quicksort(input_data, expected):
>       assert quicksort(*input_data) == expected
E       TypeError: quicksort() missing 2 required positional arguments: 'low' and 'high'

QuixBugs/python_testcases/test_quicksort.py:15: TypeError
____________________ test_quicksort[input_data1-expected1] _____________________

input_data = [[3, 1, 4, 1, 5, 9, ...]], expected = [1, 1, 2, 3, 3, 3, ...]

    @pytest.mark.parametrize("input_data,expected", testdata)
    def test_quicksort(input_data, expected):
>       assert quicksort(*input_data) == expected
E       TypeError: quicksort() missing 2 required positional arguments: 'low' and 'high'

QuixBugs/python_testcases/test_quicksort.py:15: TypeError
____________________ test_quicksort[input_data2-expected2] _____________________

input_data = [[5, 4, 3, 2, 1]], expected = [1, 2, 3, 4, 5]

    @pytest.mark.parametrize("input_data,expected", testdata)
    def test_quicksort(input_data, expected):
>       assert quicksort(*input_data) == expected
E       TypeError: quicksort() missing 2 required positional arguments: 'low' and 'high'

QuixBugs/python_testcases/test_quicksort.py:15: TypeError
____________________ test_quicksort[input_data3-expected3] _____________________

input_data = [[5, 4, 3, 1, 2]], expected = [1, 2, 3, 4, 5]

    @pytest.mark.parametrize("input_data,expected", testdata)
    def test_quicksort(input_data, expected):
>       assert quicksort(*input_data) == expected
E       TypeError: quicksort() missing 2 required positional arguments: 'low' and 'high'

QuixBugs/python_testcases/test_quicksort.py:15: TypeError
____________________ test_quicksort[input_data4-expected4] _____________________

input_data = [[8, 1, 14, 9, 15, 5, ...]], expected = [1, 2, 3, 4, 5, 6, ...]

    @pytest.mark.parametrize("input_data,expected", testdata)
    def test_quicksort(input_data, expected):
>       assert quicksort(*input_data) == expected
E       TypeError: quicksort() missing 2 required positional arguments: 'low' and 'high'

QuixBugs/python_testcases/test_quicksort.py:15: TypeError
____________________ test_quicksort[input_data5-expected5] _____________________

input_data = [[9, 4, 5, 2, 17, 14, ...]], expected = [1, 2, 3, 4, 5, 6, ...]

    @pytest.mark.parametrize("input_data,expected", testdata)
    def test_quicksort(input_data, expected):
>       assert quicksort(*input_data) == expected
E       TypeError: quicksort() missing 2 required positional arguments: 'low' and 'high'

QuixBugs/python_testcases/test_quicksort.py:15: TypeError
____________________ test_quicksort[input_data6-expected6] _____________________

input_data = [[13, 14, 7, 16, 9, 5, ...]], expected = [1, 2, 3, 4, 5, 6, ...]

    @pytest.mark.parametrize("input_data,expected", testdata)
    def test_quicksort(input_data, expected):
>       assert quicksort(*input_data) == expected
E       TypeError: quicksort() missing 2 required positional arguments: 'low' and 'high'

QuixBugs/python_testcases/test_quicksort.py:15: TypeError
____________________ test_quicksort[input_data7-expected7] _____________________

input_data = [[8, 5, 15, 7, 9, 14, ...]], expected = [1, 2, 3, 4, 5, 6, ...]

    @pytest.mark.parametrize("input_data,expected", testdata)
    def test_quicksort(input_data, expected):
>       assert quicksort(*input_data) == expected
E       TypeError: quicksort() missing 2 required positional arguments: 'low' and 'high'

QuixBugs/python_testcases/test_quicksort.py:15: TypeError
____________________ test_quicksort[input_data8-expected8] _____________________

input_data = [[4, 3, 7, 6, 5, 2, ...]], expected = [1, 2, 3, 4, 5, 6, ...]

    @pytest.mark.parametrize("input_data,expected", testdata)
    def test_quicksort(input_data, expected):
>       assert quicksort(*input_data) == expected
E       TypeError: quicksort() missing 2 required positional arguments: 'low' and 'high'

QuixBugs/python_testcases/test_quicksort.py:15: TypeError
____________________ test_quicksort[input_data9-expected9] _____________________

input_data = [[4, 3, 1, 5, 2]], expected = [1, 2, 3, 4, 5]

    @pytest.mark.parametrize("input_data,expected", testdata)
    def test_quicksort(input_data, expected):
>       assert quicksort(*input_data) == expected
E       TypeError: quicksort() missing 2 required positional arguments: 'low' and 'high'

QuixBugs/python_testcases/test_quicksort.py:15: TypeError
___________________ test_quicksort[input_data10-expected10] ____________________

input_data = [[5, 4, 2, 3, 6, 7, ...]], expected = [1, 2, 3, 4, 5, 6, ...]

    @pytest.mark.parametrize("input_data,expected", testdata)
    def test_quicksort(input_data, expected):
>       assert quicksort(*input_data) == expected
E       TypeError: quicksort() missing 2 required positional arguments: 'low' and 'high'

QuixBugs/python_testcases/test_quicksort.py:15: TypeError
___________________ test_quicksort[input_data11-expected11] ____________________

input_data = [[10, 16, 6, 1, 14, 19, ...]], expected = [1, 2, 3, 4, 5, 6, ...]

    @pytest.mark.parametrize("input_data,expected", testdata)
    def test_quicksort(input_data, expected):
>       assert quicksort(*input_data) == expected
E       TypeError: quicksort() missing 2 required positional arguments: 'low' and 'high'

QuixBugs/python_testcases/test_quicksort.py:15: TypeError
___________________ test_quicksort[input_data12-expected12] ____________________

input_data = [[10, 16, 6, 1, 14, 19, ...]], expected = [1, 2, 4, 6, 9, 10, ...]

    @pytest.mark.parametrize("input_data,expected", testdata)
    def test_quicksort(input_data, expected):
>       assert quicksort(*input_data) == expected
E       TypeError: quicksort() missing 2 required positional arguments: 'low' and 'high'

QuixBugs/python_testcases/test_quicksort.py:15: TypeError
=========================== short test summary info ============================
FAILED QuixBugs/python_testcases/test_quicksort.py::test_quicksort[input_data0-expected0]
FAILED QuixBugs/python_testcases/test_quicksort.py::test_quicksort[input_data1-expected1]
FAILED QuixBugs/python_testcases/test_quicksort.py::test_quicksort[input_data2-expected2]
FAILED QuixBugs/python_testcases/test_quicksort.py::test_quicksort[input_data3-expected3]
FAILED QuixBugs/python_testcases/test_quicksort.py::test_quicksort[input_data4-expected4]
FAILED QuixBugs/python_testcases/test_quicksort.py::test_quicksort[input_data5-expected5]
FAILED QuixBugs/python_testcases/test_quicksort.py::test_quicksort[input_data6-expected6]
FAILED QuixBugs/python_testcases/test_quicksort.py::test_quicksort[input_data7-expected7]
FAILED QuixBugs/python_testcases/test_quicksort.py::test_quicksort[input_data8-expected8]
FAILED QuixBugs/python_testcases/test_quicksort.py::test_quicksort[input_data9-expected9]
FAILED QuixBugs/python_testcases/test_quicksort.py::test_quicksort[input_data10-expected10]
FAILED QuixBugs/python_testcases/test_quicksort.py::test_quicksort[input_data11-expected11]
FAILED QuixBugs/python_testcases/test_quicksort.py::test_quicksort[input_data12-expected12]
============================== 13 failed in 0.06s ==============================
Different AST

prover implementação alternativa que não passa nos testes
